    info: Installing cfe_internal_non_existing_package...
R: DEBUG cfe_autorun_inventory_packages: refresh interval is 10080
R: DEBUG cfe_autorun_inventory_packages: we have the inventory files.
R: DEBUG cfe_autorun_inventory_proc_cpuinfo
R: 	cpuinfo[initial apicid] = 3
R: 	cpuinfo[physical id] = 1
R: 	cpuinfo[stepping] = 1
R: 	cpuinfo[microcode] = 0x1000065
R: 	cpuinfo[address sizes] = 48 bits physical, 48 bits virtual
R: 	cpuinfo[apicid] = 1
R: 	cpuinfo[model name] = AMD Opteron 23xx (Gen 3 Class Opteron)
R: 	cpuinfo[core id] = 0
R: 	cpuinfo[fpu] = yes
R: 	cpuinfo[vendor_id] = AuthenticAMD
R: 	cpuinfo[cpuid level] = 5
R: 	cpuinfo[power management] = 
R: 	cpuinfo[cache_alignment] = 64
R: 	cpuinfo[cpu MHz] = 1999.999
R: 	cpuinfo[bogomips] = 3999.99
R: 	cpuinfo[wp] = yes
R: 	cpuinfo[cache size] = 512 KB
R: 	cpuinfo[fpu_exception] = yes
R: 	cpuinfo[clflush size] = 64
R: 	cpuinfo[flags] = fpu vme de pse tsc msr pae mce cx8 apic sep mtrr pge mca cmov pat pse36 clflush mmx fxsr sse sse2 syscall nx mmxext fxsr_opt pdpe1gb lm rep_good nopl extd_apicid pni cx16 x2apic popcnt hypervisor cmp_legacy cr8_legacy abm sse4a misalignsse 3dnowprefetch vmmcall
R: 	cpuinfo[cpu family] = 15
R: 	cpuinfo[processor] = 1
R: 	cpuinfo[TLB size] = 1024 4K pages
R: 	cpuinfo[cpu cores] = 1
R: 	cpuinfo[model] = 6
R: 	cpuinfo[siblings] = 1
R: 	CPU physical cores: '1'
R: 	CPU model name: 'AMD Opteron 23xx (Gen 3 Class Opteron)'
R: 	CPU Physical Sockets: '4'
R: DEBUG cfe_autorun_inventory_cpuinfo
R: 	 CPU model: AMD Opteron 23xx (Gen 3 Class Opteron)
R: 	 CPU physical cores: 1
R: DEBUG cfe_autorun_inventory_dmidecode: Obtained BIOS vendor = 'Seabios'
R: DEBUG cfe_autorun_inventory_dmidecode: Obtained BIOS version = '0.5.1'
R: DEBUG cfe_autorun_inventory_dmidecode: Obtained System serial number = 'Not Specified'
R: DEBUG cfe_autorun_inventory_dmidecode: Obtained System manufacturer = 'Red Hat'
R: DEBUG cfe_autorun_inventory_dmidecode: Obtained System version = 'RHEL 6.6.0 PC'
R: DEBUG cfe_autorun_inventory_ipv4_addresses
R: 	Inventorying: '156.26.10.17'
R: DEBUG inventory_linux
R: 	OS release ID = debian, OS release version = 8
R: DEBUG inventory_lsb: LSB inventory not found
R: DEBUG inventory_lsb: OS = Debian, codename = jessie, release = 8.6, flavor = Debian_8_6, description = Debian GNU/Linux 8.6 (jessie)
R: DEBUG inventory_lsb: got 5 LSB keys
R: DEBUG inventory_lsb: prepared LSB key Release = '8.6'
R: DEBUG inventory_lsb: prepared LSB key Codename = 'jessie'
R: DEBUG inventory_lsb: prepared LSB key Distributor ID = 'Debian'
R: DEBUG inventory_lsb: prepared LSB key Description = 'Debian GNU/Linux 8.6 (jessie)'
R: classify_host: Activated
R: classify_host: Found machine type: server
R: classify_host: Found purpose: testing
R: classify_host: Found role: policysrv
R: classify_host: Found owner: roose
R: classify_host: Found authentication: local_users_shared_group
R: classify_host: Found users: roose
R: classify_subnet_location: Activated
R: classify_subnet_location: Found subnet 156.26.10.0/25
R: classify_subnet_location: Found subnet 156.26.10.128/25
R: classify_subnet_location: Found subnet 156.26.11.0/24
R: classify_subnet_location: Found subnet 156.26.43.0/24
R: classify_subnet_location: Found subnet 156.26.250.0/26
R: classify_subnet_location: Found subnet 156.26.250.64/26
R: classify_subnet_location: Found subnet 192.168.250.0/24
R: classify_subnet_location: Found subnet 192.168.1.0
R: classify_subnet_location: Found subnet nickname: $(subnet_nickname)
R: classify_subnet_location: Found subnet building: JB-2ndFloor
R: classify_subnet_location: Found subnet vlan: 804
R: classify_subnet_location: Found subnet link_type: Wired
R: classify_subnet_location: Found subnet site: Main Campus
R: DEBUG: def
R: 	 def.json was found at $(augments_file)
R: DEBUG services_autorun: adding input='lib/autorun.cf'
R: DEBUG services_autorun: adding input='/var/cfengine/inputs/services/autorun/hello.cf'
R: DEBUG autorun: found bundle $(sorted_bundles) with tag 'autorun'
R: DEBUG cfe_internal_log_rotation: Check CFEngine log file for rotation '/var/cfengine/cf3.policyhub-dev.runlog'
R: DEBUG cfe_internal_log_rotation: Check CFEngine log file for rotation '/var/cfengine/promise_summary.log'
R: DEBUG cfe_internal_log_rotation: Check CFEngine log directory for old logs '/var/cfengine/outputs'
R: DEBUG cfe_internal_log_rotation: Check CFEngine log directory for old logs '/var/cfengine/reports'
    info: Executing 'no timeout' ... '/usr/bin/git pull --ff-only origin master'
   error: Finished command related to promiser '/usr/bin/git' -- an error occurred, returned 128
  notice: Q: "...sr/bin/git pull": From github.com:benroose/eecs_cfengine
Q: "...sr/bin/git pull":  * branch            master     -> FETCH_HEAD
Q: "...sr/bin/git pull":    757a689..3b23353  master     -> origin/master
Q: "...sr/bin/git pull": fatal: Not possible to fast-forward, aborting.
    info: Last 4 quoted lines were generated by promiser '/usr/bin/git pull --ff-only origin master'
    info: Completed execution of '/usr/bin/git pull --ff-only origin master'
R: vcs_update: Activated
   error: Method 'vcs_update' failed in some repairs
    info: Can't stat file '/var/cfengine/host_by_key/MD5=5e8540a3fae4db09e80cb38c4aab4642/root.hash' on 'localhost' in files.copy_from promise
R: manage_root_passwd: Activated
R: === manage_root_passwd ===
R: Password dist file: /var/cfengine/host_by_key/MD5=5e8540a3fae4db09e80cb38c4aab4642/root.hash
R: Password cached file: /var/cfengine/state/passwd/root.hash
   error: Method 'manage_root_passwd' failed in some repairs
R: manage_local_users_shared_group: Activated
R: === manage_local_users_shared_group ===
R: Local user set on this system: roose
R: Username: Ben Roose
R: Shared group: users
R: Contents of 'wsu_users' data container: {"roose":"Ben Roose"}
    info: User promise repaired
   error: Method 'manage_users' failed in some repairs
    info: Edit file '/etc/rc.local'
    info: Edit file '/etc/rc.local'
R: config_rc_local: Activated
R: config_rc_local: autostart items: 
echo 'Added by CFEngine to restore iptables firewall at boot time'
/sbin/iptables-restore < /var/cfengine/state/security/iptables/filter/cf.iptables.filter.policy
    info: Edit file '/etc/motd'
R: config_login_banner: Activated
R: config_login_defs: Activated
R: config_login_defs: default umask value: 0027
    info: Executing 'no timeout' ... '/sbin/iptables-save -t filter > /var/cfengine/state/security/iptables/filter/cf.iptables.filter.current'
    info: Completed execution of '/sbin/iptables-save -t filter > /var/cfengine/state/security/iptables/filter/cf.iptables.filter.current'
R: iptables_check: Activated
R: === iptables_check ===
R: iptables_save reached
R: iptables_save repaired
    info: Edit file '/var/cfengine/state/security/iptables/filter/cf.iptables.filter.current'
R: edit_iptables_filter: Activated
R: iptables_comments_remove reached
R: config_iptables: Activated
R: === config_iptables ===
R: sshd_config: Activated
    info: Can't stat file '/var/cfengine/host_by_key/MD5=5e8540a3fae4db09e80cb38c4aab4642/interfaces' on 'localhost' in files.copy_from promise
    info: Updated '/etc/network/interfaces' from source '/var/cfengine/state/network/interfaces' on 'localhost'
    info: Object '/etc/network/interfaces' had permission 0600, changed it to 0644
R: config_net_interfaces: Activated
R: config_net_interfaces: custom interfaces file found on policy hub for this host
   error: Method 'config_net_interfaces' failed in some repairs
   error: Method 'manage_main' failed in some repairs
R: eecs_main: Activated
   error: Method 'eecs_main' failed in some repairs
