   error: readjson: error parsing JSON file '/var/cfengine/masterfiles/services/eecs/manage/packages/./data/repos.json': Unable to parse json data as object, object not allowed as l-value
   error: readjson: error parsing JSON file '/var/cfengine/masterfiles/services/eecs/manage/packages/./data/repos.json': Unable to parse json data as object, object not allowed as l-value
   error: readjson: error parsing JSON file '/var/cfengine/masterfiles/services/eecs/manage/packages/./data/repos.json': Unable to parse json data as object, object not allowed as l-value
   error: readjson: error parsing JSON file '/var/cfengine/masterfiles/services/eecs/manage/packages/./data/repos.json': Unable to parse json data as object, object not allowed as l-value
   error: readjson: error parsing JSON file '/var/cfengine/masterfiles/services/eecs/manage/packages/./data/repos.json': Unable to parse json data as object, object not allowed as l-value
   error: readjson: error parsing JSON file '/var/cfengine/masterfiles/services/eecs/manage/packages/./data/repos.json': Unable to parse json data as object, object not allowed as l-value
   error: readjson: error parsing JSON file '/var/cfengine/masterfiles/services/eecs/manage/packages/./data/repos.json': Unable to parse json data as object, object not allowed as l-value
   error: readjson: error parsing JSON file '/var/cfengine/masterfiles/services/eecs/manage/packages/./data/repos.json': Unable to parse json data as object, object not allowed as l-value
   error: readjson: error parsing JSON file '/var/cfengine/masterfiles/services/eecs/manage/packages/./data/repos.json': Unable to parse json data as object, object not allowed as l-value
   error: readjson: error parsing JSON file '/var/cfengine/masterfiles/services/eecs/manage/packages/./data/repos.json': Unable to parse json data as object, object not allowed as l-value
   error: readjson: error parsing JSON file '/var/cfengine/masterfiles/services/eecs/manage/packages/./data/repos.json': Unable to parse json data as object, object not allowed as l-value
   error: readjson: error parsing JSON file '/var/cfengine/masterfiles/services/eecs/manage/packages/./data/repos.json': Unable to parse json data as object, object not allowed as l-value
   error: readjson: error parsing JSON file '/var/cfengine/masterfiles/services/eecs/manage/packages/./data/repos.json': Unable to parse json data as object, object not allowed as l-value
   error: readjson: error parsing JSON file '/var/cfengine/masterfiles/services/eecs/manage/packages/./data/repos.json': Unable to parse json data as object, object not allowed as l-value
   error: readjson: error parsing JSON file '/var/cfengine/masterfiles/services/eecs/manage/packages/./data/repos.json': Unable to parse json data as object, object not allowed as l-value
   error: readjson: error parsing JSON file '/var/cfengine/masterfiles/services/eecs/manage/packages/./data/repos.json': Unable to parse json data as object, object not allowed as l-value
    info: Using command line specified bundlesequence
   error: readjson: error parsing JSON file '/var/cfengine/masterfiles/services/eecs/manage/packages/./data/repos.json': Unable to parse json data as object, object not allowed as l-value
   error: readjson: error parsing JSON file '/var/cfengine/masterfiles/services/eecs/manage/packages/./data/repos.json': Unable to parse json data as object, object not allowed as l-value
   error: readjson: error parsing JSON file '/var/cfengine/masterfiles/services/eecs/manage/packages/./data/repos.json': Unable to parse json data as object, object not allowed as l-value
R: config_apt_sources: Activated
R: === config_apt_sources ===
R: Comment for ensured repo $(repos_ensure[comment])
   error: readjson: error parsing JSON file '/var/cfengine/masterfiles/services/eecs/manage/packages/./data/repos.json': Unable to parse json data as object, object not allowed as l-value
   error: readjson: error parsing JSON file '/var/cfengine/masterfiles/services/eecs/manage/packages/./data/repos.json': Unable to parse json data as object, object not allowed as l-value
   error: readjson: error parsing JSON file '/var/cfengine/masterfiles/services/eecs/manage/packages/./data/repos.json': Unable to parse json data as object, object not allowed as l-value
   error: readjson: error parsing JSON file '/var/cfengine/masterfiles/services/eecs/manage/packages/./data/repos.json': Unable to parse json data as object, object not allowed as l-value
   error: readjson: error parsing JSON file '/var/cfengine/masterfiles/services/eecs/manage/packages/./data/repos.json': Unable to parse json data as object, object not allowed as l-value
   error: readjson: error parsing JSON file '/var/cfengine/masterfiles/services/eecs/manage/packages/./data/repos.json': Unable to parse json data as object, object not allowed as l-value
